<?xml version="1.0" encoding="UTF-8"?>
<!-- Generated by org.testng.reporters.JUnitReportReporter -->
<testsuite hostname="LAPTOP-CPNSJOF8" failures="0" tests="4" name="Test.InventoryItemPageTest" time="12.812" errors="0" timestamp="2025-07-28T14:39:32 CEST" skipped="0">
  <testcase classname="Test.InventoryItemPageTest" name="AddRemoveEachToFromCart" time="4.195"/>
  <testcase classname="Test.InventoryItemPageTest" name="goToCartPageForEachItem" time="2.836"/>
  <testcase classname="Test.InventoryItemPageTest" name="verifyAllProductDetailsVisibleForEachItem" time="2.822"/>
  <testcase classname="Test.InventoryItemPageTest" name="goBackToProductsForEachItem" time="2.959"/>
</testsuite> <!-- Test.InventoryItemPageTest -->
