<?xml version="1.0" encoding="UTF-8"?>
<!-- Generated by org.testng.reporters.JUnitReportReporter -->
<testsuite hostname="LAPTOP-CPNSJOF8" failures="0" tests="1" name="Test.CheckOutCompleteTest" time="3.589" errors="0" timestamp="2025-07-28T14:37:31 CEST" skipped="0">
  <testcase classname="Test.CheckOutCompleteTest" name="backToHomePage" time="3.589"/>
</testsuite> <!-- Test.CheckOutCompleteTest -->
