<?xml version="1.0" encoding="UTF-8"?>
<!-- Generated by org.testng.reporters.JUnitReportReporter -->
<testsuite hostname="LAPTOP-CPNSJOF8" failures="0" tests="3" name="Test.CheckOutPageStepTwoTest" time="12.480" errors="0" timestamp="2025-07-28T14:38:40 CEST" skipped="0">
  <testcase classname="Test.CheckOutPageStepTwoTest" name="finishOrderWhenCartIsEmpty" time="4.436"/>
  <testcase classname="Test.CheckOutPageStepTwoTest" name="finishOrderWhenCartIsFull" time="3.010"/>
  <testcase classname="Test.CheckOutPageStepTwoTest" name="totalPriceCounterWorksCorrectlyForDifferentCurrencies" time="5.034"/>
</testsuite> <!-- Test.CheckOutPageStepTwoTest -->
