<?xml version="1.0" encoding="UTF-8"?>
<!-- Generated by org.testng.reporters.JUnitReportReporter -->
<testsuite hostname="LAPTOP-CPNSJOF8" failures="0" tests="7" name="Test.LoginTest" time="58.237" errors="0" timestamp="2025-07-28T14:42:13 CEST" skipped="0">
  <testcase classname="Test.LoginTest" name="loginWithValidUsers" time="8.212"/>
  <testcase classname="Test.LoginTest" name="loginWithValidUsers" time="13.095"/>
  <testcase classname="Test.LoginTest" name="loginWithValidUsers" time="8.548"/>
  <testcase classname="Test.LoginTest" name="loginWithValidUsers" time="8.036"/>
  <testcase classname="Test.LoginTest" name="loginWithValidUsers" time="8.064"/>
  <testcase classname="Test.LoginTest" name="loginAndLogoutWithCorrectUsernameAndPassword" time="10.394"/>
  <testcase classname="Test.LoginTest" name="loginWithLockedOutUser" time="1.888"/>
</testsuite> <!-- Test.LoginTest -->
