<?xml version="1.0" encoding="UTF-8"?>
<!-- Generated by org.testng.reporters.JUnitReportReporter -->
<testsuite hostname="LAPTOP-CPNSJOF8" failures="0" tests="5" name="Test.BurgerMenuTest" time="16.771" errors="0" timestamp="2025-07-28T14:35:01 CEST" skipped="0">
  <testcase classname="Test.BurgerMenuTest" name="logout" time="2.509"/>
  <testcase classname="Test.BurgerMenuTest" name="openBurgerMenu" time="4.162"/>
  <testcase classname="Test.BurgerMenuTest" name="openAboutSection" time="4.861"/>
  <testcase classname="Test.BurgerMenuTest" name="openAllItems" time="2.541"/>
  <testcase classname="Test.BurgerMenuTest" name="resetAppState" time="2.698"/>
</testsuite> <!-- Test.BurgerMenuTest -->
