<?xml version="1.0" encoding="UTF-8"?>
<!-- Generated by org.testng.reporters.JUnitReportReporter -->
<testsuite hostname="LAPTOP-CPNSJOF8" failures="0" tests="4" name="Test.CartTest" time="13.605" errors="0" timestamp="2025-07-28T14:35:01 CEST" skipped="0">
  <testcase classname="Test.CartTest" name="removeFromCart" time="2.774"/>
  <testcase classname="Test.CartTest" name="goToCheckOutWhenCartIsFull" time="5.291"/>
  <testcase classname="Test.CartTest" name="continueShopping" time="2.840"/>
  <testcase classname="Test.CartTest" name="goToCheckoutWhenCartIsEmpty" time="2.700"/>
</testsuite> <!-- Test.CartTest -->
