<?xml version="1.0" encoding="UTF-8"?>
<!-- Generated by org.testng.reporters.JUnitReportReporter -->
<testsuite hostname="LAPTOP-CPNSJOF8" failures="0" tests="2" name="Test.CheckOutTest" time="12.880" errors="0" timestamp="2025-07-28T14:36:49 CEST" skipped="0">
  <testcase classname="Test.CheckOutTest" name="addInformationAndContinueWhenCartIsFull" time="7.950"/>
  <testcase classname="Test.CheckOutTest" name="addInformationAndContinueWhenCartIsEmpty" time="4.930"/>
</testsuite> <!-- Test.CheckOutTest -->
